{"level":"info","message":"Iniciando servidor","service":"fakegram-api","timestamp":"2023-04-09T22:28:21.854Z"}
{"level":"info","message":"Configurações setadas com sucesso!","service":"fakegram-api","timestamp":"2023-04-09T22:28:21.858Z"}
{"level":"info","message":"Rotas inicializadas com sucesso!","service":"fakegram-api","timestamp":"2023-04-09T22:28:21.859Z"}
{"level":"info","message":"Servidor rodando na porta 8000","service":"fakegram-api","timestamp":"2023-04-09T22:28:21.862Z"}
{"level":"info","message":"Iniciando servidor","service":"hamburguergama","timestamp":"2023-04-09T22:30:08.992Z"}
{"level":"info","message":"Configurações setadas com sucesso!","service":"hamburguergama","timestamp":"2023-04-09T22:30:08.995Z"}
{"level":"info","message":"Rotas inicializadas com sucesso!","service":"hamburguergama","timestamp":"2023-04-09T22:30:08.996Z"}
{"level":"info","message":"Servidor rodando na porta 8000","service":"hamburguergama","timestamp":"2023-04-09T22:30:08.999Z"}
{"level":"info","message":"Iniciando servidor","service":"hamburguergama","timestamp":"2023-04-09T22:51:24.200Z"}
{"level":"info","message":"Configurações setadas com sucesso!","service":"hamburguergama","timestamp":"2023-04-09T22:51:24.204Z"}
{"level":"info","message":"Rotas inicializadas com sucesso!","service":"hamburguergama","timestamp":"2023-04-09T22:51:24.204Z"}
{"level":"info","message":"Servidor rodando na porta 8000","service":"hamburguergama","timestamp":"2023-04-09T22:51:24.207Z"}
{"level":"info","message":"Iniciando servidor","service":"hamburguergama","timestamp":"2023-04-09T23:15:25.968Z"}
{"level":"info","message":"Configurações setadas com sucesso!","service":"hamburguergama","timestamp":"2023-04-09T23:15:25.971Z"}
{"level":"info","message":"Rotas inicializadas com sucesso!","service":"hamburguergama","timestamp":"2023-04-09T23:15:25.972Z"}
{"level":"info","message":"Servidor rodando na porta 8000","service":"hamburguergama","timestamp":"2023-04-09T23:15:25.975Z"}
{"level":"info","message":"Iniciando servidor","service":"hamburguergama","timestamp":"2023-04-10T18:20:12.148Z"}
{"level":"info","message":"Configurações setadas com sucesso!","service":"hamburguergama","timestamp":"2023-04-10T18:20:12.155Z"}
{"level":"info","message":"Rotas inicializadas com sucesso!","service":"hamburguergama","timestamp":"2023-04-10T18:20:12.156Z"}
{"level":"info","message":"Servidor rodando na porta 8000","service":"hamburguergama","timestamp":"2023-04-10T18:20:12.242Z"}
{"level":"info","message":"[produtosControllers] - Produto adicionado ao carrinho","service":"hamburguergama","timestamp":"2023-04-10T18:31:00.479Z"}
{"level":"info","message":"[produtosControllers] - payload: {\"nome_produto\":\"Aphamon\",\"descricao\":\"modinha dmo\",\"preco\":\"5555555\"}","service":"hamburguergama","timestamp":"2023-04-10T18:31:00.479Z"}
{"level":"error","message":"[pedidosControllers] error: SequelizeAccessDeniedError: Access denied for user ''@'localhost' (using password: NO)","service":"hamburguergama","timestamp":"2023-04-10T18:31:00.815Z"}
{"level":"info","message":"[produtosControllers] - Produto adicionado ao carrinho","service":"hamburguergama","timestamp":"2023-04-10T18:33:31.333Z"}
{"level":"info","message":"[produtosControllers] - payload: {\"nome_produto\":\"Aphamon\",\"descricao\":\"modinha dmo\",\"preco\":\"5555555\"}","service":"hamburguergama","timestamp":"2023-04-10T18:33:31.334Z"}
{"level":"error","message":"[pedidosControllers] error: SequelizeAccessDeniedError: Access denied for user ''@'localhost' (using password: NO)","service":"hamburguergama","timestamp":"2023-04-10T18:33:31.364Z"}
{"level":"info","message":"[produtosControllers] - Produto adicionado ao carrinho","service":"hamburguergama","timestamp":"2023-04-10T18:33:32.466Z"}
{"level":"info","message":"[produtosControllers] - payload: {\"nome_produto\":\"Aphamon\",\"descricao\":\"modinha dmo\",\"preco\":\"5555555\"}","service":"hamburguergama","timestamp":"2023-04-10T18:33:32.467Z"}
{"level":"error","message":"[pedidosControllers] error: SequelizeAccessDeniedError: Access denied for user ''@'localhost' (using password: NO)","service":"hamburguergama","timestamp":"2023-04-10T18:33:32.474Z"}
{"level":"info","message":"[produtosControllers] - Produto adicionado ao carrinho","service":"hamburguergama","timestamp":"2023-04-10T18:33:34.954Z"}
{"level":"info","message":"[produtosControllers] - payload: {\"nome_produto\":\"Aphamon\",\"descricao\":\"modinha dmo\",\"preco\":\"5555555\"}","service":"hamburguergama","timestamp":"2023-04-10T18:33:34.955Z"}
{"level":"error","message":"[pedidosControllers] error: SequelizeAccessDeniedError: Access denied for user ''@'localhost' (using password: NO)","service":"hamburguergama","timestamp":"2023-04-10T18:33:34.965Z"}
{"level":"info","message":"[produtosControllers] - Produto adicionado ao carrinho","service":"hamburguergama","timestamp":"2023-04-10T18:35:05.513Z"}
{"level":"info","message":"[produtosControllers] - payload: {\"nome_produto\":\"Aphamon\",\"descricao\":\"modinha dmo\",\"preco\":\"5555555\"}","service":"hamburguergama","timestamp":"2023-04-10T18:35:05.513Z"}
{"level":"error","message":"[pedidosControllers] error: SequelizeAccessDeniedError: Access denied for user ''@'localhost' (using password: NO)","service":"hamburguergama","timestamp":"2023-04-10T18:35:05.522Z"}
{"level":"info","message":"[produtosControllers] - Produto adicionado ao carrinho","service":"hamburguergama","timestamp":"2023-04-10T18:35:06.389Z"}
{"level":"info","message":"[produtosControllers] - payload: {\"nome_produto\":\"Aphamon\",\"descricao\":\"modinha dmo\",\"preco\":\"5555555\"}","service":"hamburguergama","timestamp":"2023-04-10T18:35:06.389Z"}
{"level":"error","message":"[pedidosControllers] error: SequelizeAccessDeniedError: Access denied for user ''@'localhost' (using password: NO)","service":"hamburguergama","timestamp":"2023-04-10T18:35:06.414Z"}
{"level":"info","message":"[produtosControllers] - Produto adicionado ao carrinho","service":"hamburguergama","timestamp":"2023-04-10T18:35:07.165Z"}
{"level":"info","message":"[produtosControllers] - payload: {\"nome_produto\":\"Aphamon\",\"descricao\":\"modinha dmo\",\"preco\":\"5555555\"}","service":"hamburguergama","timestamp":"2023-04-10T18:35:07.166Z"}
{"level":"error","message":"[pedidosControllers] error: SequelizeAccessDeniedError: Access denied for user ''@'localhost' (using password: NO)","service":"hamburguergama","timestamp":"2023-04-10T18:35:07.171Z"}
{"level":"info","message":"[produtosControllers] - Produto adicionado ao carrinho","service":"hamburguergama","timestamp":"2023-04-10T18:35:15.314Z"}
{"level":"info","message":"[produtosControllers] - payload: {\"nome_produto\":\"Aphamon\",\"descricao\":\"modinha dmo\",\"preco\":\"5555555\"}","service":"hamburguergama","timestamp":"2023-04-10T18:35:15.314Z"}
{"level":"error","message":"[pedidosControllers] error: SequelizeAccessDeniedError: Access denied for user ''@'localhost' (using password: NO)","service":"hamburguergama","timestamp":"2023-04-10T18:35:15.319Z"}
{"level":"info","message":"[produtosControllers] - Produto adicionado ao carrinho","service":"hamburguergama","timestamp":"2023-04-10T18:35:51.842Z"}
{"level":"info","message":"[produtosControllers] - payload: {\"nome_produto\":\"Aphamon\",\"descricao\":\"modinha dmo\",\"preco\":\"5555555\"}","service":"hamburguergama","timestamp":"2023-04-10T18:35:51.842Z"}
{"level":"error","message":"[pedidosControllers] error: SequelizeAccessDeniedError: Access denied for user ''@'localhost' (using password: NO)","service":"hamburguergama","timestamp":"2023-04-10T18:35:51.850Z"}
{"level":"info","message":"Iniciando servidor","service":"hamburguergama","timestamp":"2023-04-10T22:57:40.405Z"}
{"level":"info","message":"Configurações setadas com sucesso!","service":"hamburguergama","timestamp":"2023-04-10T22:57:40.412Z"}
{"level":"info","message":"Rotas inicializadas com sucesso!","service":"hamburguergama","timestamp":"2023-04-10T22:57:40.413Z"}
{"level":"info","message":"Servidor rodando na porta 8000","service":"hamburguergama","timestamp":"2023-04-10T22:57:40.417Z"}
